r_exp  20.8735478 r_exp_dash  25.9169367 r_wp  5.56684451 r_wp_dash  6.91188473 r_p  3.92432729 r_p_dash  5.74714128 weighted_Durbin_Watson  0.131586951 gof  0.266693739



iters 100000
chi2_convergence_criteria 0.001
do_errors
xdd "topas.xy"
	x_calculation_step 0.0001
	bkg @  7.18926671`_0.0216712587  0.0905947629`_0.036859788 -0.186490948`_0.0353801905 -0.124056043`_0.0337376664 -0.0229033948`_0.0332546207 -0.0588367013`_0.0316479132  0.0596569058`_0.0312619569  0.0572249435`_0.0296304958 -0.0360263928`_0.0300531017  0.0266865074`_0.0269756292  0.0266489451`_0.0273352052
	LP_Factor(90)
	Zero_Error( -0.0005328773277)
	lam
		ymin_on_ymax  0.001
		la  0.5 lo  0.1824 lh  0.501844
	hkl_Is 
		lebail  1
		TCHZ_Peak_Type(, -0.08333557779,, -0.0006149088043,, -0.0002332208117,, 0,, 0,, 0.002133112268)
		phase_name "LaB6_hkl_Phase"
		space_group "Pm-3m"
		load hkl_m_d_th2 I 
		{
			   1   0   0   6    4.156826       2.51432      0.54584
			   1   1   0  12    2.939320       3.55607      1.91685
			   1   1   1   8    2.399945       4.35563      1.33595
			   2   0   0   6    2.078413       5.02985      0.91263
			   2   1   0  24    1.858989       5.62400      2.52869
			   2   1   1  24    1.697017       6.16127      1.66246
			   2   2   0  12    1.469660       7.11557      0.81876
		}

		scale @  0.0252734523`_3.936e-005
		Cubic(4.156826)
		
Out_X_Yobs_Ycalc_and_Difference("topas.dat")
C_matrix_normalized
{
                             1   2   3   4   5   6   7   8   9  10  11  12
bkg1250176             1:  100   0  60  -1  45  -1  37   0  30  -1  22  -5
bkg844322752           2:    0 100  -1  60  -1  45  -0  37  -0  26  -1  -0
bkg842747296           3:   60  -1 100   0  60  -1  46  -1  36   1  24   2
bkg844314160           4:   -1  60   0 100   1  56  -1  40   0  26   2   1
bkg844314416           5:   45  -1  60   1 100  -0  55  -1  37   1  25   1
bkg841369584           6:   -1  45  -1  56  -0 100  -0  48  -0  29  -2   0
bkg841369840           7:   37  -0  46  -1  55  -0 100   1  49  -2  33  -1
bkg844810736           8:    0  37  -1  40  -1  48   1 100  -1  44  -1  -1
bkg844807664           9:   30  -0  36   0  37  -0  49  -1 100   1  43  -2
bkg844812528          10:   -1  26   1  26   1  29  -2  44   1 100   2   1
bkg844812784          11:   22  -1  24   2  25  -2  33  -1  43   2 100  -3
scale845061424_       12:   -5  -0   2   1   1   0  -1  -1  -2   1  -3 100
}